Added Component: Designator=Power(HDR1X3)
Add component. Clean all parameters for all variants
Add component (AddParameter): Name = "LatestRevisionDate"; Value = "17-Jul-2002"; VariantName = "[No Variations]"
Add component (AddParameter): Name = "LatestRevisionNote"; Value = "Re-released for DXP Platform."; VariantName = "[No Variations]"
Add component (AddParameter): Name = "Publisher"; Value = "Altium Limited"; VariantName = "[No Variations]"
Added Pin To Net: NetName=VCC +15V Pin=Power-1
Added Pin To Net: NetName=GND Pin=Power-2
Added Pin To Net: NetName=VCC -15 Pin=Power-3
Added Member To Class: ClassName=scheme Member=Component 47 Res3
Added Member To Class: ClassName=scheme Member=Component C21 Cap Pol3
Added Member To Class: ClassName=scheme Member=Component C22 Cap Pol3
Added Member To Class: ClassName=scheme Member=Component C24 Cap Pol3
Added Member To Class: ClassName=scheme Member=Component C25 Cap Pol3
Added Member To Class: ClassName=scheme Member=Component IC1 LM324AM
Added Member To Class: ClassName=scheme Member=Component IC? LM339AM
Added Member To Class: ClassName=scheme Member=Component Power Header 3
Added Member To Class: ClassName=scheme Member=Component R41 Res3
Added Member To Class: ClassName=scheme Member=Component R43 Res3
Added Member To Class: ClassName=scheme Member=Component R44 Res3
Added Member To Class: ClassName=scheme Member=Component R45 Res3
Added Member To Class: ClassName=scheme Member=Component R48 Res3
Added Member To Class: ClassName=scheme Member=Component R52 Res3
Added Member To Class: ClassName=scheme Member=Component R53 Res3
Added Member To Class: ClassName=scheme Member=Component R54 Res3
Added Member To Class: ClassName=scheme Member=Component R56 Res3
Added Member To Class: ClassName=scheme Member=Component R57 Res3
