;  LST file generated by mikroListExporter - v.2.0 
; Date/Time: 5/13/2019 9:57:34 PM
;----------------------------------------------

;Address Opcode 	ASM
0x0000	0x2B43      	GOTO       835
_Delay_50us:
0x0003	0x3053      	MOVLW      83
0x0004	0x1283      	BCF        STATUS, 5
0x0005	0x1303      	BCF        STATUS, 6
0x0006	0x00FD      	MOVWF      R13
L_Delay_50us2:
0x0007	0x0BFD      	DECFSZ     R13, 1
0x0008	0x2807      	GOTO       L_Delay_50us2
L_end_Delay_50us:
0x0009	0x0008      	RETURN
; end of _Delay_50us
_Delay_5500us:
0x000A	0x3024      	MOVLW      36
0x000B	0x1283      	BCF        STATUS, 5
0x000C	0x1303      	BCF        STATUS, 6
0x000D	0x00FC      	MOVWF      R12
0x000E	0x30B5      	MOVLW      181
0x000F	0x00FD      	MOVWF      R13
L_Delay_5500us5:
0x0010	0x0BFD      	DECFSZ     R13, 1
0x0011	0x2810      	GOTO       L_Delay_5500us5
0x0012	0x0BFC      	DECFSZ     R12, 1
0x0013	0x2810      	GOTO       L_Delay_5500us5
0x0014	0x0000      	NOP
0x0015	0x0000      	NOP
L_end_Delay_5500us:
0x0016	0x0008      	RETURN
; end of _Delay_5500us
_Delay_1us:
0x0017	0x0000      	NOP
0x0018	0x0000      	NOP
0x0019	0x0000      	NOP
0x001A	0x0000      	NOP
0x001B	0x0000      	NOP
L_end_Delay_1us:
0x001C	0x0008      	RETURN
; end of _Delay_1us
_RES032:
0x001D	0x01F2      	CLRF       R2
0x001E	0x01F1      	CLRF       R1
0x001F	0x01F0      	CLRF       R0
0x0020	0x01F8      	CLRF       R8
0x0021	0x01F3      	CLRF       R3
0x0022	0x3000      	MOVLW      0
L_end_RES032:
0x0023	0x0008      	RETURN
; end of _RES032
_Lcd_Cmd:
0x0024	0x1283      	BCF        STATUS, 5
0x0025	0x1303      	BCF        STATUS, 6
0x0026	0x1BB6      	BTFSC      FARG_Lcd_Cmd_out_char, 7
0x0027	0x282A      	GOTO       L__Lcd_Cmd21
0x0028	0x1388      	BCF        LCD_D7, BitPos(LCD_D7+0)
0x0029	0x282B      	GOTO       L__Lcd_Cmd22
L__Lcd_Cmd21:
0x002A	0x1788      	BSF        LCD_D7, BitPos(LCD_D7+0)
L__Lcd_Cmd22:
0x002B	0x1B36      	BTFSC      FARG_Lcd_Cmd_out_char, 6
0x002C	0x282F      	GOTO       L__Lcd_Cmd23
0x002D	0x1308      	BCF        LCD_D6, BitPos(LCD_D6+0)
0x002E	0x2830      	GOTO       L__Lcd_Cmd24
L__Lcd_Cmd23:
0x002F	0x1708      	BSF        LCD_D6, BitPos(LCD_D6+0)
L__Lcd_Cmd24:
0x0030	0x1AB6      	BTFSC      FARG_Lcd_Cmd_out_char, 5
0x0031	0x2834      	GOTO       L__Lcd_Cmd25
0x0032	0x1288      	BCF        LCD_D5, BitPos(LCD_D5+0)
0x0033	0x2835      	GOTO       L__Lcd_Cmd26
L__Lcd_Cmd25:
0x0034	0x1688      	BSF        LCD_D5, BitPos(LCD_D5+0)
L__Lcd_Cmd26:
0x0035	0x1A36      	BTFSC      FARG_Lcd_Cmd_out_char, 4
0x0036	0x2839      	GOTO       L__Lcd_Cmd27
0x0037	0x1208      	BCF        LCD_D4, BitPos(LCD_D4+0)
0x0038	0x283A      	GOTO       L__Lcd_Cmd28
L__Lcd_Cmd27:
0x0039	0x1608      	BSF        LCD_D4, BitPos(LCD_D4+0)
L__Lcd_Cmd28:
0x003A	0x182A      	BTFSC      __Lib_Lcd_cmd_status, BitPos(__Lib_Lcd_cmd_status+0)
0x003B	0x283E      	GOTO       L__Lcd_Cmd29
0x003C	0x1508      	BSF        LCD_RS, BitPos(LCD_RS+0)
0x003D	0x283F      	GOTO       L__Lcd_Cmd30
L__Lcd_Cmd29:
0x003E	0x1108      	BCF        LCD_RS, BitPos(LCD_RS+0)
L__Lcd_Cmd30:
0x003F	0x1588      	BSF        LCD_EN, BitPos(LCD_EN+0)
0x0040	0x2017      	CALL       _Delay_1us
0x0041	0x1188      	BCF        LCD_EN, BitPos(LCD_EN+0)
0x0042	0x19B6      	BTFSC      FARG_Lcd_Cmd_out_char, 3
0x0043	0x2846      	GOTO       L__Lcd_Cmd31
0x0044	0x1388      	BCF        LCD_D7, BitPos(LCD_D7+0)
0x0045	0x2847      	GOTO       L__Lcd_Cmd32
L__Lcd_Cmd31:
0x0046	0x1788      	BSF        LCD_D7, BitPos(LCD_D7+0)
L__Lcd_Cmd32:
0x0047	0x1936      	BTFSC      FARG_Lcd_Cmd_out_char, 2
0x0048	0x284B      	GOTO       L__Lcd_Cmd33
0x0049	0x1308      	BCF        LCD_D6, BitPos(LCD_D6+0)
0x004A	0x284C      	GOTO       L__Lcd_Cmd34
L__Lcd_Cmd33:
0x004B	0x1708      	BSF        LCD_D6, BitPos(LCD_D6+0)
L__Lcd_Cmd34:
0x004C	0x18B6      	BTFSC      FARG_Lcd_Cmd_out_char, 1
0x004D	0x2850      	GOTO       L__Lcd_Cmd35
0x004E	0x1288      	BCF        LCD_D5, BitPos(LCD_D5+0)
0x004F	0x2851      	GOTO       L__Lcd_Cmd36
L__Lcd_Cmd35:
0x0050	0x1688      	BSF        LCD_D5, BitPos(LCD_D5+0)
L__Lcd_Cmd36:
0x0051	0x1836      	BTFSC      FARG_Lcd_Cmd_out_char, 0
0x0052	0x2855      	GOTO       L__Lcd_Cmd37
0x0053	0x1208      	BCF        LCD_D4, BitPos(LCD_D4+0)
0x0054	0x2856      	GOTO       L__Lcd_Cmd38
L__Lcd_Cmd37:
0x0055	0x1608      	BSF        LCD_D4, BitPos(LCD_D4+0)
L__Lcd_Cmd38:
0x0056	0x182A      	BTFSC      __Lib_Lcd_cmd_status, BitPos(__Lib_Lcd_cmd_status+0)
0x0057	0x285A      	GOTO       L__Lcd_Cmd39
0x0058	0x1508      	BSF        LCD_RS, BitPos(LCD_RS+0)
0x0059	0x285B      	GOTO       L__Lcd_Cmd40
L__Lcd_Cmd39:
0x005A	0x1108      	BCF        LCD_RS, BitPos(LCD_RS+0)
L__Lcd_Cmd40:
0x005B	0x1588      	BSF        LCD_EN, BitPos(LCD_EN+0)
0x005C	0x2017      	CALL       _Delay_1us
0x005D	0x1188      	BCF        LCD_EN, BitPos(LCD_EN+0)
0x005E	0x1C2A      	BTFSS      __Lib_Lcd_cmd_status, BitPos(__Lib_Lcd_cmd_status+0)
0x005F	0x2862      	GOTO       L_Lcd_Cmd0
0x0060	0x200A      	CALL       _Delay_5500us
0x0061	0x2863      	GOTO       L_Lcd_Cmd1
L_Lcd_Cmd0:
0x0062	0x2003      	CALL       _Delay_50us
L_Lcd_Cmd1:
L_end_Lcd_Cmd:
0x0063	0x0008      	RETURN
; end of _Lcd_Cmd
_FIXSIGN32:
0x0064	0x1FFA      	BTFSS      R10, 7
0x0065	0x13F2      	BCF        R2, 7
0x0066	0x3000      	MOVLW      0
L_end_FIXSIGN32:
0x0067	0x0008      	RETURN
; end of _FIXSIGN32
_SETFUN32:
0x0068	0x157B      	BSF        R11, 2
0x0069	0x1FFB      	BTFSS      R11, 7
0x006A	0x2872      	GOTO       SETFUN32EEE
0x006B	0x3001      	MOVLW      1
0x006C	0x00F3      	MOVWF      R3
0x006D	0x01F2      	CLRF       R2
0x006E	0x01F1      	CLRF       R1
0x006F	0x01F0      	CLRF       R0
0x0070	0x0DFA      	RLF        R10, 1
0x0071	0x0CF2      	RRF        R2, 1
SETFUN32EEE:
0x0072	0x30FF      	MOVLW      255
L_end_SETFUN32:
0x0073	0x0008      	RETURN
; end of _SETFUN32
_Delay_22us:
0x0074	0x3024      	MOVLW      36
0x0075	0x1283      	BCF        STATUS, 5
0x0076	0x1303      	BCF        STATUS, 6
0x0077	0x00FD      	MOVWF      R13
L_Delay_22us1:
0x0078	0x0BFD      	DECFSZ     R13, 1
0x0079	0x2878      	GOTO       L_Delay_22us1
0x007A	0x0000      	NOP
L_end_Delay_22us:
0x007B	0x0008      	RETURN
; end of _Delay_22us
_Lcd_Chr_CP:
0x007C	0x1283      	BCF        STATUS, 5
0x007D	0x1303      	BCF        STATUS, 6
0x007E	0x102A      	BCF        __Lib_Lcd_cmd_status, BitPos(__Lib_Lcd_cmd_status+0)
0x007F	0x0835      	MOVF       FARG_Lcd_Chr_CP_out_char, 0
0x0080	0x00B6      	MOVWF      FARG_Lcd_Cmd_out_char
0x0081	0x2024      	CALL       _Lcd_Cmd
0x0082	0x142A      	BSF        __Lib_Lcd_cmd_status, BitPos(__Lib_Lcd_cmd_status+0)
L_end_Lcd_Chr_CP:
0x0083	0x0008      	RETURN
; end of _Lcd_Chr_CP
_____DoICP:
0x0084	0x1283      	BCF        STATUS, 5
0x0085	0x1303      	BCF        STATUS, 6
0x0086	0x0830      	MOVF       ___DoICPAddr+1, 0
0x0087	0x008A      	MOVWF      PCLATH
0x0088	0x082F      	MOVF       ___DoICPAddr, 0
0x0089	0x0082      	MOVWF      PCL
L_end_____DoICP:
0x008A	0x0008      	RETURN
; end of _____DoICP
_SETIOV3224:
0x008B	0x147B      	BSF        R11, 0
0x008C	0x1FFB      	BTFSS      R11, 7
0x008D	0x2896      	GOTO       SETIOV3224EEE
0x008E	0x01F2      	CLRF       R2
0x008F	0x1FFA      	BTFSS      R10, 7
0x0090	0x30FF      	MOVLW      255
0x0091	0x00F2      	MOVWF      R2
0x0092	0x00F1      	MOVWF      R1
0x0093	0x00F0      	MOVWF      R0
0x0094	0x0DFA      	RLF        R10, 1
0x0095	0x0CF2      	RRF        R2, 1
SETIOV3224EEE:
0x0096	0x30FF      	MOVLW      255
L_end_SETIOV3224:
0x0097	0x0008      	RETURN
; end of _SETIOV3224
_NRM3232:
0x0098	0x01A0      	CLRF       __math_tempbD
0x0099	0x0872      	MOVF       R2, 0
0x009A	0x1D03      	BTFSS      STATUS, 2
0x009B	0x28AD      	GOTO       NORM3232
0x009C	0x0871      	MOVF       R1, 0
0x009D	0x00F2      	MOVWF      R2
0x009E	0x0870      	MOVF       R0, 0
0x009F	0x00F1      	MOVWF      R1
0x00A0	0x01F0      	CLRF       R0
0x00A1	0x15A0      	BSF        __math_tempbD, 3
0x00A2	0x0872      	MOVF       R2, 0
0x00A3	0x1D03      	BTFSS      STATUS, 2
0x00A4	0x28AD      	GOTO       NORM3232
0x00A5	0x0871      	MOVF       R1, 0
0x00A6	0x00F2      	MOVWF      R2
0x00A7	0x01F1      	CLRF       R1
0x00A8	0x11A0      	BCF        __math_tempbD, 3
0x00A9	0x1620      	BSF        __math_tempbD, 4
0x00AA	0x0872      	MOVF       R2, 0
0x00AB	0x1903      	BTFSC      STATUS, 2
0x00AC	0x28BB      	GOTO       JPNRES032
NORM3232:
0x00AD	0x0820      	MOVF       __math_tempbD, 0
0x00AE	0x02F3      	SUBWF      R3, 1
0x00AF	0x1D03      	BTFSS      STATUS, 2
0x00B0	0x1C03      	BTFSS      STATUS, 0
0x00B1	0x28BF      	GOTO       JPNSETFUN32
0x00B2	0x1003      	BCF        STATUS, 0
NORM3232A:
0x00B3	0x1BF2      	BTFSC      R2, 7
0x00B4	0x28C3      	GOTO       JMPNFIXSIGN32
0x00B5	0x0DF0      	RLF        R0, 1
0x00B6	0x0DF1      	RLF        R1, 1
0x00B7	0x0DF2      	RLF        R2, 1
0x00B8	0x0BF3      	DECFSZ     R3, 1
0x00B9	0x28B3      	GOTO       NORM3232A
0x00BA	0x28BF      	GOTO       JPNSETFUN32
JPNRES032:
0x00BB	0x3001      	MOVLW      1
0x00BC	0x00FC      	MOVWF      R12
0x00BD	0x201D      	CALL       _RES032
0x00BE	0x28C6      	GOTO       NORM32EEE
JPNSETFUN32:
0x00BF	0x3002      	MOVLW      2
0x00C0	0x00FC      	MOVWF      R12
0x00C1	0x2068      	CALL       _SETFUN32
0x00C2	0x28C6      	GOTO       NORM32EEE
JMPNFIXSIGN32:
0x00C3	0x3004      	MOVLW      4
0x00C4	0x00FC      	MOVWF      R12
0x00C5	0x2064      	CALL       _FIXSIGN32
NORM32EEE:
L_end_NRM3232:
0x00C6	0x0008      	RETURN
; end of _NRM3232
_SETFOV32:
0x00C7	0x14FB      	BSF        R11, 1
0x00C8	0x1FFB      	BTFSS      R11, 7
0x00C9	0x28D1      	GOTO       SETFOV32EEE
0x00CA	0x30FF      	MOVLW      255
0x00CB	0x00F3      	MOVWF      R3
0x00CC	0x00F2      	MOVWF      R2
0x00CD	0x00F1      	MOVWF      R1
0x00CE	0x00F0      	MOVWF      R0
0x00CF	0x0DFA      	RLF        R10, 1
0x00D0	0x0CF2      	RRF        R2, 1
SETFOV32EEE:
0x00D1	0x30FF      	MOVLW      255
L_end_SETFOV32:
0x00D2	0x0008      	RETURN
; end of _SETFOV32
_SETFDZ32:
0x00D3	0x15FB      	BSF        R11, 3
0x00D4	0x30FF      	MOVLW      255
L_end_SETFDZ32:
0x00D5	0x0008      	RETURN
; end of _SETFDZ32
_Mul_32x32_FP:
0x00D6	0x1283      	BCF        STATUS, 5
0x00D7	0x1303      	BCF        STATUS, 6
0x00D8	0x01FB      	CLRF       R11
0x00D9	0x0873      	MOVF       R3, 0
0x00DA	0x1D03      	BTFSS      STATUS, 2
0x00DB	0x0877      	MOVF       R7, 0
0x00DC	0x1903      	BTFSC      STATUS, 2
0x00DD	0x292D      	GOTO       JPMRES032
0x00DE	0x0872      	MOVF       R2, 0
0x00DF	0x0676      	XORWF      R6, 0
0x00E0	0x00FA      	MOVWF      R10
0x00E1	0x0877      	MOVF       R7, 0
0x00E2	0x07F3      	ADDWF      R3, 1
0x00E3	0x307E      	MOVLW      126
0x00E4	0x1C03      	BTFSS      STATUS, 0
0x00E5	0x28EA      	GOTO       MTUN32
0x00E6	0x02F3      	SUBWF      R3, 1
0x00E7	0x1803      	BTFSC      STATUS, 0
0x00E8	0x2930      	GOTO       JPMSETFOV32
0x00E9	0x28ED      	GOTO       MOK32
MTUN32:
0x00EA	0x02F3      	SUBWF      R3, 1
0x00EB	0x1C03      	BTFSS      STATUS, 0
0x00EC	0x2933      	GOTO       JPMSETFUN32
MOK32:
0x00ED	0x0872      	MOVF       R2, 0
0x00EE	0x00F8      	MOVWF      R8
0x00EF	0x0871      	MOVF       R1, 0
0x00F0	0x00FC      	MOVWF      R12
0x00F1	0x0870      	MOVF       R0, 0
0x00F2	0x00FD      	MOVWF      R13
0x00F3	0x17F8      	BSF        R8, 7
0x00F4	0x17F6      	BSF        R6, 7
0x00F5	0x1003      	BCF        STATUS, 0
0x00F6	0x01F2      	CLRF       R2
0x00F7	0x01F1      	CLRF       R1
0x00F8	0x01F0      	CLRF       R0
0x00F9	0x3018      	MOVLW      24
0x00FA	0x00A0      	MOVWF      __math_tempbD
MLOOP32:
0x00FB	0x1C7D      	BTFSS      R13, 0
0x00FC	0x2907      	GOTO       MNOADD32
0x00FD	0x0874      	MOVF       R4, 0
0x00FE	0x07F0      	ADDWF      R0, 1
0x00FF	0x0875      	MOVF       R5, 0
0x0100	0x1803      	BTFSC      STATUS, 0
0x0101	0x0F75      	INCFSZ     R5, 0
0x0102	0x07F1      	ADDWF      R1, 1
0x0103	0x0876      	MOVF       R6, 0
0x0104	0x1803      	BTFSC      STATUS, 0
0x0105	0x0F76      	INCFSZ     R6, 0
0x0106	0x07F2      	ADDWF      R2, 1
MNOADD32:
0x0107	0x0CF2      	RRF        R2, 1
0x0108	0x0CF1      	RRF        R1, 1
0x0109	0x0CF0      	RRF        R0, 1
0x010A	0x0CF8      	RRF        R8, 1
0x010B	0x0CFC      	RRF        R12, 1
0x010C	0x0CFD      	RRF        R13, 1
0x010D	0x1003      	BCF        STATUS, 0
0x010E	0x0BA0      	DECFSZ     __math_tempbD, 1
0x010F	0x28FB      	GOTO       MLOOP32
0x0110	0x1BF2      	BTFSC      R2, 7
0x0111	0x2917      	GOTO       MROUND32
0x0112	0x0DF8      	RLF        R8, 1
0x0113	0x0DF0      	RLF        R0, 1
0x0114	0x0DF1      	RLF        R1, 1
0x0115	0x0DF2      	RLF        R2, 1
0x0116	0x03F3      	DECF       R3, 1
MROUND32:
0x0117	0x1B7B      	BTFSC      R11, 6
0x0118	0x1C70      	BTFSS      R0, 0
0x0119	0x2929      	GOTO       MUL32OK
0x011A	0x1FF8      	BTFSS      R8, 7
0x011B	0x2929      	GOTO       MUL32OK
0x011C	0x0AF0      	INCF       R0, 1
0x011D	0x1903      	BTFSC      STATUS, 2
0x011E	0x0AF1      	INCF       R1, 1
0x011F	0x1903      	BTFSC      STATUS, 2
0x0120	0x0AF2      	INCF       R2, 1
0x0121	0x1D03      	BTFSS      STATUS, 2
0x0122	0x2929      	GOTO       MUL32OK
0x0123	0x0CF2      	RRF        R2, 1
0x0124	0x0CF1      	RRF        R1, 1
0x0125	0x0CF0      	RRF        R0, 1
0x0126	0x0AF3      	INCF       R3, 1
0x0127	0x1903      	BTFSC      STATUS, 2
0x0128	0x2930      	GOTO       JPMSETFOV32
MUL32OK:
0x0129	0x1FFA      	BTFSS      R10, 7
0x012A	0x13F2      	BCF        R2, 7
0x012B	0x3000      	MOVLW      0
0x012C	0x2935      	GOTO       MUL32EEE
JPMRES032:
0x012D	0x3001      	MOVLW      1
0x012E	0x201D      	CALL       _RES032
0x012F	0x2935      	GOTO       MUL32EEE
JPMSETFOV32:
0x0130	0x3002      	MOVLW      2
0x0131	0x20C7      	CALL       _SETFOV32
0x0132	0x2935      	GOTO       MUL32EEE
JPMSETFUN32:
0x0133	0x3004      	MOVLW      4
0x0134	0x2068      	CALL       _SETFUN32
MUL32EEE:
0x0135	0x0000      	NOP
L_end_Mul_32x32_FP:
0x0136	0x0008      	RETURN
; end of _Mul_32x32_FP
_ADC_Get_Sample:
0x0137	0x30C3      	MOVLW      195
0x0138	0x1283      	BCF        STATUS, 5
0x0139	0x1303      	BCF        STATUS, 6
0x013A	0x059F      	ANDWF      ADCON0, 1
0x013B	0x0821      	MOVF       FARG_ADC_Get_Sample_channel, 0
0x013C	0x00F0      	MOVWF      R0
0x013D	0x0DF0      	RLF        R0, 1
0x013E	0x1070      	BCF        R0, 0
0x013F	0x0DF0      	RLF        R0, 1
0x0140	0x1070      	BCF        R0, 0
0x0141	0x0870      	MOVF       R0, 0
0x0142	0x049F      	IORWF      ADCON0, 1
0x0143	0x2074      	CALL       _Delay_22us
0x0144	0x149F      	BSF        ADCON0, 1
L_ADC_Get_Sample0:
0x0145	0x1C9F      	BTFSS      ADCON0, 1
0x0146	0x2949      	GOTO       L_ADC_Get_Sample1
0x0147	0x0000      	NOP
0x0148	0x2945      	GOTO       L_ADC_Get_Sample0
L_ADC_Get_Sample1:
0x0149	0x081E      	MOVF       ADRESH, 0
0x014A	0x00F1      	MOVWF      R0+1
0x014B	0x01F0      	CLRF       R0
0x014C	0x1683      	BSF        STATUS, 5
0x014D	0x081E      	MOVF       ADRESL, 0
0x014E	0x04F0      	IORWF      R0, 1
0x014F	0x3000      	MOVLW      0
0x0150	0x04F1      	IORWF      R0+1, 1
L_end_ADC_Get_Sample:
0x0151	0x0008      	RETURN
; end of _ADC_Get_Sample
_Div_32x32_FP:
0x0152	0x1283      	BCF        STATUS, 5
0x0153	0x1303      	BCF        STATUS, 6
0x0154	0x0874      	MOVF       R4, 0
0x0155	0x3A00      	XORLW      0
0x0156	0x1D03      	BTFSS      STATUS, 2
0x0157	0x296D      	GOTO       L_Div_32x32_FP7
0x0158	0x0875      	MOVF       R5, 0
0x0159	0x3A00      	XORLW      0
0x015A	0x1D03      	BTFSS      STATUS, 2
0x015B	0x296D      	GOTO       L_Div_32x32_FP8
0x015C	0x0876      	MOVF       R6, 0
0x015D	0x3A00      	XORLW      0
0x015E	0x1D03      	BTFSS      STATUS, 2
0x015F	0x296D      	GOTO       L_Div_32x32_FP9
0x0160	0x0877      	MOVF       R7, 0
0x0161	0x3A00      	XORLW      0
0x0162	0x1D03      	BTFSS      STATUS, 2
0x0163	0x296D      	GOTO       L_Div_32x32_FP10
0x0164	0x30FF      	MOVLW      255
0x0165	0x00F0      	MOVWF      R0
0x0166	0x30FF      	MOVLW      255
0x0167	0x00F1      	MOVWF      R1
0x0168	0x307F      	MOVLW      127
0x0169	0x00F2      	MOVWF      R2
0x016A	0x30FF      	MOVLW      255
0x016B	0x00F3      	MOVWF      R3
0x016C	0x2A08      	GOTO       L_end_Div_32x32_FP
L_Div_32x32_FP10:
L_Div_32x32_FP9:
L_Div_32x32_FP8:
L_Div_32x32_FP7:
0x016D	0x1283      	BCF        STATUS, 5
0x016E	0x1303      	BCF        STATUS, 6
0x016F	0x0877      	MOVF       R7, 0
0x0170	0x1903      	BTFSC      STATUS, 2
0x0171	0x29FC      	GOTO       JPDSETFDZ32
0x0172	0x0873      	MOVF       R3, 0
0x0173	0x1903      	BTFSC      STATUS, 2
0x0174	0x29FF      	GOTO       JPDRES032
0x0175	0x0872      	MOVF       R2, 0
0x0176	0x0676      	XORWF      R6, 0
0x0177	0x3980      	ANDLW      128
0x0178	0x00FA      	MOVWF      R10
0x0179	0x17F2      	BSF        R2, 7
0x017A	0x17F6      	BSF        R6, 7
0x017B	0x01A0      	CLRF       __math_tempbD
0x017C	0x0872      	MOVF       R2, 0
0x017D	0x00F8      	MOVWF      R8
0x017E	0x0871      	MOVF       R1, 0
0x017F	0x00FC      	MOVWF      R12
0x0180	0x0870      	MOVF       R0, 0
0x0181	0x00FD      	MOVWF      R13
0x0182	0x0874      	MOVF       R4, 0
0x0183	0x02FD      	SUBWF      R13, 1
0x0184	0x0875      	MOVF       R5, 0
0x0185	0x1C03      	BTFSS      STATUS, 0
0x0186	0x0F75      	INCFSZ     R5, 0
0x0187	0x02FC      	SUBWF      R12, 1
0x0188	0x0876      	MOVF       R6, 0
0x0189	0x1C03      	BTFSS      STATUS, 0
0x018A	0x0F76      	INCFSZ     R6, 0
0x018B	0x02F8      	SUBWF      R8, 1
0x018C	0x01F8      	CLRF       R8
0x018D	0x01FC      	CLRF       R12
0x018E	0x01FD      	CLRF       R13
0x018F	0x1C03      	BTFSS      STATUS, 0
0x0190	0x2998      	GOTO       DALIGN32OK
0x0191	0x1003      	BCF        STATUS, 0
0x0192	0x0CF2      	RRF        R2, 1
0x0193	0x0CF1      	RRF        R1, 1
0x0194	0x0CF0      	RRF        R0, 1
0x0195	0x0CF8      	RRF        R8, 1
0x0196	0x3001      	MOVLW      1
0x0197	0x00A0      	MOVWF      __math_tempbD
DALIGN32OK:
0x0198	0x0877      	MOVF       R7, 0
0x0199	0x02F3      	SUBWF      R3, 1
0x019A	0x1C03      	BTFSS      STATUS, 0
0x019B	0x29A2      	GOTO       ALTB32
0x019C	0x307E      	MOVLW      126
0x019D	0x0720      	ADDWF      __math_tempbD, 0
0x019E	0x07F3      	ADDWF      R3, 1
0x019F	0x1803      	BTFSC      STATUS, 0
0x01A0	0x2A02      	GOTO       JPDSETFOV32
0x01A1	0x29A7      	GOTO       DARGOK32
ALTB32:
0x01A2	0x307E      	MOVLW      126
0x01A3	0x0720      	ADDWF      __math_tempbD, 0
0x01A4	0x07F3      	ADDWF      R3, 1
0x01A5	0x1C03      	BTFSS      STATUS, 0
0x01A6	0x2A05      	GOTO       JPDSETFUN32
DARGOK32:
0x01A7	0x3018      	MOVLW      24
0x01A8	0x07FA      	ADDWF      R10, 1
DLOOP32:
0x01A9	0x0DFD      	RLF        R13, 1
0x01AA	0x0DFC      	RLF        R12, 1
0x01AB	0x0DF8      	RLF        R8, 1
0x01AC	0x0DF0      	RLF        R0, 1
0x01AD	0x0DF1      	RLF        R1, 1
0x01AE	0x0DF2      	RLF        R2, 1
0x01AF	0x0DA0      	RLF        __math_tempbD, 1
0x01B0	0x0874      	MOVF       R4, 0
0x01B1	0x02F0      	SUBWF      R0, 1
0x01B2	0x0875      	MOVF       R5, 0
0x01B3	0x1C03      	BTFSS      STATUS, 0
0x01B4	0x0F75      	INCFSZ     R5, 0
0x01B5	0x02F1      	SUBWF      R1, 1
0x01B6	0x0876      	MOVF       R6, 0
0x01B7	0x1C03      	BTFSS      STATUS, 0
0x01B8	0x0F76      	INCFSZ     R6, 0
0x01B9	0x02F2      	SUBWF      R2, 1
0x01BA	0x0D76      	RLF        R6, 0
0x01BB	0x04A0      	IORWF      __math_tempbD, 1
0x01BC	0x1C20      	BTFSS      __math_tempbD, 0
0x01BD	0x29C0      	GOTO       DREST32
0x01BE	0x147D      	BSF        R13, 0
0x01BF	0x29CB      	GOTO       DOK32
DREST32:
0x01C0	0x0874      	MOVF       R4, 0
0x01C1	0x07F0      	ADDWF      R0, 1
0x01C2	0x0875      	MOVF       R5, 0
0x01C3	0x1803      	BTFSC      STATUS, 0
0x01C4	0x0F75      	INCFSZ     R5, 0
0x01C5	0x07F1      	ADDWF      R1, 1
0x01C6	0x0876      	MOVF       R6, 0
0x01C7	0x1803      	BTFSC      STATUS, 0
0x01C8	0x0A76      	INCF       R6, 0
0x01C9	0x07F2      	ADDWF      R2, 1
0x01CA	0x107D      	BCF        R13, 0
DOK32:
0x01CB	0x03FA      	DECF       R10, 1
0x01CC	0x301F      	MOVLW      31
0x01CD	0x057A      	ANDWF      R10, 0
0x01CE	0x1D03      	BTFSS      STATUS, 2
0x01CF	0x29A9      	GOTO       DLOOP32
0x01D0	0x1B7B      	BTFSC      R11, 6
0x01D1	0x1C7D      	BTFSS      R13, 0
0x01D2	0x29F2      	GOTO       DIV32OK
0x01D3	0x1003      	BCF        STATUS, 0
0x01D4	0x0DF0      	RLF        R0, 1
0x01D5	0x0DF1      	RLF        R1, 1
0x01D6	0x0DF2      	RLF        R2, 1
0x01D7	0x0DA0      	RLF        __math_tempbD, 1
0x01D8	0x0874      	MOVF       R4, 0
0x01D9	0x02F0      	SUBWF      R0, 1
0x01DA	0x0875      	MOVF       R5, 0
0x01DB	0x1C03      	BTFSS      STATUS, 0
0x01DC	0x0F75      	INCFSZ     R5, 0
0x01DD	0x02F1      	SUBWF      R1, 1
0x01DE	0x0876      	MOVF       R6, 0
0x01DF	0x1C03      	BTFSS      STATUS, 0
0x01E0	0x0F76      	INCFSZ     R6, 0
0x01E1	0x02F2      	SUBWF      R2, 1
0x01E2	0x0D76      	RLF        R6, 0
0x01E3	0x0420      	IORWF      __math_tempbD, 0
0x01E4	0x3901      	ANDLW      1
0x01E5	0x07FD      	ADDWF      R13, 1
0x01E6	0x1803      	BTFSC      STATUS, 0
0x01E7	0x0AFC      	INCF       R12, 1
0x01E8	0x1903      	BTFSC      STATUS, 2
0x01E9	0x0AF8      	INCF       R8, 1
0x01EA	0x1D03      	BTFSS      STATUS, 2
0x01EB	0x29F2      	GOTO       DIV32OK
0x01EC	0x0CF8      	RRF        R8, 1
0x01ED	0x0CFC      	RRF        R12, 1
0x01EE	0x0CFD      	RRF        R13, 1
0x01EF	0x0AF3      	INCF       R3, 1
0x01F0	0x1903      	BTFSC      STATUS, 2
0x01F1	0x2A02      	GOTO       JPDSETFOV32
DIV32OK:
0x01F2	0x1FFA      	BTFSS      R10, 7
0x01F3	0x13F8      	BCF        R8, 7
0x01F4	0x0878      	MOVF       R8, 0
0x01F5	0x00F2      	MOVWF      R2
0x01F6	0x087C      	MOVF       R12, 0
0x01F7	0x00F1      	MOVWF      R1
0x01F8	0x087D      	MOVF       R13, 0
0x01F9	0x00F0      	MOVWF      R0
0x01FA	0x3000      	MOVLW      0
0x01FB	0x2A07      	GOTO       DIV32EEE
JPDSETFDZ32:
0x01FC	0x3001      	MOVLW      1
0x01FD	0x20D3      	CALL       _SETFDZ32
0x01FE	0x2A07      	GOTO       DIV32EEE
JPDRES032:
0x01FF	0x3002      	MOVLW      2
0x0200	0x201D      	CALL       _RES032
0x0201	0x2A07      	GOTO       DIV32EEE
JPDSETFOV32:
0x0202	0x3004      	MOVLW      4
0x0203	0x20C7      	CALL       _SETFOV32
0x0204	0x2A07      	GOTO       DIV32EEE
JPDSETFUN32:
0x0205	0x3008      	MOVLW      8
0x0206	0x2068      	CALL       _SETFUN32
DIV32EEE:
0x0207	0x0000      	NOP
L_end_Div_32x32_FP:
0x0208	0x0008      	RETURN
; end of _Div_32x32_FP
_double2longint:
0x0209	0x1283      	BCF        STATUS, 5
0x020A	0x1303      	BCF        STATUS, 6
0x020B	0x01FB      	CLRF       R11
0x020C	0x01FC      	CLRF       R12
0x020D	0x01F8      	CLRF       R8
0x020E	0x0873      	MOVF       R3, 0
0x020F	0x1903      	BTFSC      STATUS, 2
0x0210	0x2A81      	GOTO       INT3232EOK
0x0211	0x0872      	MOVF       R2, 0
0x0212	0x00FA      	MOVWF      R10
0x0213	0x17F2      	BSF        R2, 7
0x0214	0x309E      	MOVLW      158
0x0215	0x02F3      	SUBWF      R3, 1
0x0216	0x1FF3      	BTFSS      R3, 7
0x0217	0x2A71      	GOTO       SETIOV32
0x0218	0x09F3      	COMF       R3, 1
0x0219	0x0AF3      	INCF       R3, 1
0x021A	0x3008      	MOVLW      8
0x021B	0x0273      	SUBWF      R3, 0
0x021C	0x1C03      	BTFSS      STATUS, 0
0x021D	0x2A46      	GOTO       TSHIFT3232
0x021E	0x00F3      	MOVWF      R3
0x021F	0x0DF8      	RLF        R8, 1
0x0220	0x0870      	MOVF       R0, 0
0x0221	0x00F8      	MOVWF      R8
0x0222	0x0871      	MOVF       R1, 0
0x0223	0x00F0      	MOVWF      R0
0x0224	0x0872      	MOVF       R2, 0
0x0225	0x00F1      	MOVWF      R1
0x0226	0x01F2      	CLRF       R2
0x0227	0x3008      	MOVLW      8
0x0228	0x0273      	SUBWF      R3, 0
0x0229	0x1C03      	BTFSS      STATUS, 0
0x022A	0x2A46      	GOTO       TSHIFT3232
0x022B	0x00F3      	MOVWF      R3
0x022C	0x0DF8      	RLF        R8, 1
0x022D	0x0870      	MOVF       R0, 0
0x022E	0x00F8      	MOVWF      R8
0x022F	0x0871      	MOVF       R1, 0
0x0230	0x00F0      	MOVWF      R0
0x0231	0x01F1      	CLRF       R1
0x0232	0x3008      	MOVLW      8
0x0233	0x0273      	SUBWF      R3, 0
0x0234	0x1C03      	BTFSS      STATUS, 0
0x0235	0x2A46      	GOTO       TSHIFT3232
0x0236	0x00F3      	MOVWF      R3
0x0237	0x0DF8      	RLF        R8, 1
0x0238	0x0870      	MOVF       R0, 0
0x0239	0x00F8      	MOVWF      R8
0x023A	0x01F0      	CLRF       R0
0x023B	0x3008      	MOVLW      8
0x023C	0x0273      	SUBWF      R3, 0
0x023D	0x1C03      	BTFSS      STATUS, 0
0x023E	0x2A46      	GOTO       TSHIFT3232
0x023F	0x00F3      	MOVWF      R3
0x0240	0x0DF8      	RLF        R8, 1
0x0241	0x01F8      	CLRF       R8
0x0242	0x0873      	MOVF       R3, 0
0x0243	0x1D03      	BTFSS      STATUS, 2
0x0244	0x1003      	BCF        STATUS, 0
0x0245	0x2A50      	GOTO       SHIFT3232OK
TSHIFT3232:
0x0246	0x0873      	MOVF       R3, 0
0x0247	0x1903      	BTFSC      STATUS, 2
0x0248	0x2A50      	GOTO       SHIFT3232OK
SHIFT3232:
0x0249	0x1003      	BCF        STATUS, 0
0x024A	0x0CF2      	RRF        R2, 1
0x024B	0x0CF1      	RRF        R1, 1
0x024C	0x0CF0      	RRF        R0, 1
0x024D	0x0CF8      	RRF        R8, 1
0x024E	0x0BF3      	DECFSZ     R3, 1
0x024F	0x2A49      	GOTO       SHIFT3232
SHIFT3232OK:
0x0250	0x1B7B      	BTFSC      R11, 6
0x0251	0x1C78      	BTFSS      R8, 0
0x0252	0x2A5E      	GOTO       INT3232OK
0x0253	0x1C03      	BTFSS      STATUS, 0
0x0254	0x2A5E      	GOTO       INT3232OK
0x0255	0x0AF8      	INCF       R8, 1
0x0256	0x1903      	BTFSC      STATUS, 2
0x0257	0x0AF0      	INCF       R0, 1
0x0258	0x1903      	BTFSC      STATUS, 2
0x0259	0x0AF1      	INCF       R1, 1
0x025A	0x1903      	BTFSC      STATUS, 2
0x025B	0x0AF2      	INCF       R2, 1
0x025C	0x1BF2      	BTFSC      R2, 7
0x025D	0x2A7E      	GOTO       JPISETIOV3224
INT3232OK:
0x025E	0x1FFA      	BTFSS      R10, 7
0x025F	0x2A81      	GOTO       INT3232EOK
0x0260	0x09F2      	COMF       R2, 1
0x0261	0x09F1      	COMF       R1, 1
0x0262	0x09F0      	COMF       R0, 1
0x0263	0x09F8      	COMF       R8, 1
0x0264	0x0AF8      	INCF       R8, 1
0x0265	0x1903      	BTFSC      STATUS, 2
0x0266	0x0AF0      	INCF       R0, 1
0x0267	0x1903      	BTFSC      STATUS, 2
0x0268	0x0AF1      	INCF       R1, 1
0x0269	0x1903      	BTFSC      STATUS, 2
0x026A	0x0AF2      	INCF       R2, 1
0x026B	0x2A81      	GOTO       INT3232EOK
0x026C	0x01F2      	CLRF       R2
0x026D	0x01F1      	CLRF       R1
0x026E	0x01F0      	CLRF       R0
0x026F	0x01F8      	CLRF       R8
0x0270	0x2A81      	GOTO       INT3232EOK
SETIOV32:
0x0271	0x147B      	BSF        R11, 0
0x0272	0x1FFB      	BTFSS      R11, 7
0x0273	0x2A84      	GOTO       INT3232EER
0x0274	0x01F2      	CLRF       R2
0x0275	0x1FFA      	BTFSS      R10, 7
0x0276	0x2A84      	GOTO       INT3232EER
0x0277	0x00F2      	MOVWF      R2
0x0278	0x00F1      	MOVWF      R1
0x0279	0x00F0      	MOVWF      R0
0x027A	0x00F8      	MOVWF      R8
0x027B	0x0DFA      	RLF        R10, 1
0x027C	0x0CF2      	RRF        R2, 1
0x027D	0x2A84      	GOTO       INT3232EER
JPISETIOV3224:
0x027E	0x3001      	MOVLW      1
0x027F	0x00FC      	MOVWF      R12
0x0280	0x2A86      	GOTO       INT3232EEE
INT3232EOK:
0x0281	0x3000      	MOVLW      0
0x0282	0x00FC      	MOVWF      R12
0x0283	0x2A86      	GOTO       INT3232EEE
INT3232EER:
0x0284	0x30FF      	MOVLW      255
0x0285	0x00FC      	MOVWF      R12
INT3232EEE:
0x0286	0x08FC      	MOVF       R12, 1
0x0287	0x1903      	BTFSC      STATUS, 2
0x0288	0x2A8A      	GOTO       L_Double2Longint_0
0x0289	0x208B      	CALL       _SETIOV3224
L_Double2Longint_0:
0x028A	0x0872      	MOVF       R2, 0
0x028B	0x00F3      	MOVWF      R3
0x028C	0x0871      	MOVF       R1, 0
0x028D	0x00F2      	MOVWF      R2
0x028E	0x0870      	MOVF       R0, 0
0x028F	0x00F1      	MOVWF      R1
0x0290	0x0878      	MOVF       R8, 0
0x0291	0x00F0      	MOVWF      R0
L_end_double2longint:
0x0292	0x0008      	RETURN
; end of _double2longint
_Lcd_Init:
0x0293	0x1683      	BSF        STATUS, 5
0x0294	0x1303      	BCF        STATUS, 6
0x0295	0x1188      	BCF        LCD_EN_Direction, BitPos(LCD_EN_Direction+0)
0x0296	0x1108      	BCF        LCD_RS_Direction, BitPos(LCD_RS_Direction+0)
0x0297	0x1208      	BCF        LCD_D4_Direction, BitPos(LCD_D4_Direction+0)
0x0298	0x1288      	BCF        LCD_D5_Direction, BitPos(LCD_D5_Direction+0)
0x0299	0x1308      	BCF        LCD_D6_Direction, BitPos(LCD_D6_Direction+0)
0x029A	0x1388      	BCF        LCD_D7_Direction, BitPos(LCD_D7_Direction+0)
0x029B	0x1283      	BCF        STATUS, 5
0x029C	0x1188      	BCF        LCD_EN, BitPos(LCD_EN+0)
0x029D	0x1108      	BCF        LCD_RS, BitPos(LCD_RS+0)
0x029E	0x1388      	BCF        LCD_D7, BitPos(LCD_D7+0)
0x029F	0x1308      	BCF        LCD_D6, BitPos(LCD_D6+0)
0x02A0	0x1288      	BCF        LCD_D5, BitPos(LCD_D5+0)
0x02A1	0x1208      	BCF        LCD_D4, BitPos(LCD_D4+0)
0x02A2	0x200A      	CALL       _Delay_5500us
0x02A3	0x200A      	CALL       _Delay_5500us
0x02A4	0x200A      	CALL       _Delay_5500us
0x02A5	0x1688      	BSF        LCD_D5, BitPos(LCD_D5+0)
0x02A6	0x1608      	BSF        LCD_D4, BitPos(LCD_D4+0)
0x02A7	0x1588      	BSF        LCD_EN, BitPos(LCD_EN+0)
0x02A8	0x2017      	CALL       _Delay_1us
0x02A9	0x1188      	BCF        LCD_EN, BitPos(LCD_EN+0)
0x02AA	0x200A      	CALL       _Delay_5500us
0x02AB	0x1588      	BSF        LCD_EN, BitPos(LCD_EN+0)
0x02AC	0x2017      	CALL       _Delay_1us
0x02AD	0x1188      	BCF        LCD_EN, BitPos(LCD_EN+0)
0x02AE	0x200A      	CALL       _Delay_5500us
0x02AF	0x1588      	BSF        LCD_EN, BitPos(LCD_EN+0)
0x02B0	0x2017      	CALL       _Delay_1us
0x02B1	0x1188      	BCF        LCD_EN, BitPos(LCD_EN+0)
0x02B2	0x200A      	CALL       _Delay_5500us
0x02B3	0x1208      	BCF        LCD_D4, BitPos(LCD_D4+0)
0x02B4	0x1588      	BSF        LCD_EN, BitPos(LCD_EN+0)
0x02B5	0x2017      	CALL       _Delay_1us
0x02B6	0x1188      	BCF        LCD_EN, BitPos(LCD_EN+0)
0x02B7	0x200A      	CALL       _Delay_5500us
0x02B8	0x1588      	BSF        LCD_EN, BitPos(LCD_EN+0)
0x02B9	0x2017      	CALL       _Delay_1us
0x02BA	0x1188      	BCF        LCD_EN, BitPos(LCD_EN+0)
0x02BB	0x1288      	BCF        LCD_D5, BitPos(LCD_D5+0)
0x02BC	0x1788      	BSF        LCD_D7, BitPos(LCD_D7+0)
0x02BD	0x1588      	BSF        LCD_EN, BitPos(LCD_EN+0)
0x02BE	0x2017      	CALL       _Delay_1us
0x02BF	0x1188      	BCF        LCD_EN, BitPos(LCD_EN+0)
0x02C0	0x200A      	CALL       _Delay_5500us
0x02C1	0x1388      	BCF        LCD_D7, BitPos(LCD_D7+0)
0x02C2	0x1608      	BSF        LCD_D4, BitPos(LCD_D4+0)
0x02C3	0x1588      	BSF        LCD_EN, BitPos(LCD_EN+0)
0x02C4	0x2017      	CALL       _Delay_1us
0x02C5	0x1188      	BCF        LCD_EN, BitPos(LCD_EN+0)
0x02C6	0x1208      	BCF        LCD_D4, BitPos(LCD_D4+0)
0x02C7	0x1588      	BSF        LCD_EN, BitPos(LCD_EN+0)
0x02C8	0x2017      	CALL       _Delay_1us
0x02C9	0x1188      	BCF        LCD_EN, BitPos(LCD_EN+0)
0x02CA	0x200A      	CALL       _Delay_5500us
0x02CB	0x1588      	BSF        LCD_EN, BitPos(LCD_EN+0)
0x02CC	0x2017      	CALL       _Delay_1us
0x02CD	0x1188      	BCF        LCD_EN, BitPos(LCD_EN+0)
0x02CE	0x1608      	BSF        LCD_D4, BitPos(LCD_D4+0)
0x02CF	0x1588      	BSF        LCD_EN, BitPos(LCD_EN+0)
0x02D0	0x2017      	CALL       _Delay_1us
0x02D1	0x1188      	BCF        LCD_EN, BitPos(LCD_EN+0)
0x02D2	0x200A      	CALL       _Delay_5500us
0x02D3	0x1208      	BCF        LCD_D4, BitPos(LCD_D4+0)
0x02D4	0x1588      	BSF        LCD_EN, BitPos(LCD_EN+0)
0x02D5	0x2017      	CALL       _Delay_1us
0x02D6	0x1188      	BCF        LCD_EN, BitPos(LCD_EN+0)
0x02D7	0x1788      	BSF        LCD_D7, BitPos(LCD_D7+0)
0x02D8	0x1708      	BSF        LCD_D6, BitPos(LCD_D6+0)
0x02D9	0x1688      	BSF        LCD_D5, BitPos(LCD_D5+0)
0x02DA	0x1608      	BSF        LCD_D4, BitPos(LCD_D4+0)
0x02DB	0x1588      	BSF        LCD_EN, BitPos(LCD_EN+0)
0x02DC	0x2017      	CALL       _Delay_1us
0x02DD	0x1188      	BCF        LCD_EN, BitPos(LCD_EN+0)
0x02DE	0x200A      	CALL       _Delay_5500us
0x02DF	0x142A      	BSF        __Lib_Lcd_cmd_status, BitPos(__Lib_Lcd_cmd_status+0)
L_end_Lcd_Init:
0x02E0	0x0008      	RETURN
; end of _Lcd_Init
_Lcd_Out:
0x02E1	0x2AF3      	GOTO       L_Lcd_Out11
L_Lcd_Out13:
0x02E2	0x3080      	MOVLW      128
0x02E3	0x1283      	BCF        STATUS, 5
0x02E4	0x1303      	BCF        STATUS, 6
0x02E5	0x00B1      	MOVWF      FARG_Lcd_Out_row
0x02E6	0x2B06      	GOTO       L_Lcd_Out12
L_Lcd_Out14:
0x02E7	0x30C0      	MOVLW      192
0x02E8	0x00B1      	MOVWF      FARG_Lcd_Out_row
0x02E9	0x2B06      	GOTO       L_Lcd_Out12
L_Lcd_Out15:
0x02EA	0x3094      	MOVLW      148
0x02EB	0x00B1      	MOVWF      FARG_Lcd_Out_row
0x02EC	0x2B06      	GOTO       L_Lcd_Out12
L_Lcd_Out16:
0x02ED	0x30D4      	MOVLW      212
0x02EE	0x00B1      	MOVWF      FARG_Lcd_Out_row
0x02EF	0x2B06      	GOTO       L_Lcd_Out12
L_Lcd_Out17:
0x02F0	0x3080      	MOVLW      128
0x02F1	0x00B1      	MOVWF      FARG_Lcd_Out_row
0x02F2	0x2B06      	GOTO       L_Lcd_Out12
L_Lcd_Out11:
0x02F3	0x1283      	BCF        STATUS, 5
0x02F4	0x1303      	BCF        STATUS, 6
0x02F5	0x0831      	MOVF       FARG_Lcd_Out_row, 0
0x02F6	0x3A01      	XORLW      1
0x02F7	0x1903      	BTFSC      STATUS, 2
0x02F8	0x2AE2      	GOTO       L_Lcd_Out13
0x02F9	0x0831      	MOVF       FARG_Lcd_Out_row, 0
0x02FA	0x3A02      	XORLW      2
0x02FB	0x1903      	BTFSC      STATUS, 2
0x02FC	0x2AE7      	GOTO       L_Lcd_Out14
0x02FD	0x0831      	MOVF       FARG_Lcd_Out_row, 0
0x02FE	0x3A03      	XORLW      3
0x02FF	0x1903      	BTFSC      STATUS, 2
0x0300	0x2AEA      	GOTO       L_Lcd_Out15
0x0301	0x0831      	MOVF       FARG_Lcd_Out_row, 0
0x0302	0x3A04      	XORLW      4
0x0303	0x1903      	BTFSC      STATUS, 2
0x0304	0x2AED      	GOTO       L_Lcd_Out16
0x0305	0x2AF0      	GOTO       L_Lcd_Out17
L_Lcd_Out12:
0x0306	0x0332      	DECF       FARG_Lcd_Out_column, 0
0x0307	0x00F0      	MOVWF      R0
0x0308	0x0831      	MOVF       FARG_Lcd_Out_row, 0
0x0309	0x07F0      	ADDWF      R0, 1
0x030A	0x0870      	MOVF       R0, 0
0x030B	0x00B1      	MOVWF      FARG_Lcd_Out_row
0x030C	0x0870      	MOVF       R0, 0
0x030D	0x00B6      	MOVWF      FARG_Lcd_Cmd_out_char
0x030E	0x2024      	CALL       _Lcd_Cmd
0x030F	0x102A      	BCF        __Lib_Lcd_cmd_status, BitPos(__Lib_Lcd_cmd_status+0)
0x0310	0x01B4      	CLRF       Lcd_Out_i_L0
L_Lcd_Out18:
0x0311	0x0834      	MOVF       Lcd_Out_i_L0, 0
0x0312	0x0733      	ADDWF      FARG_Lcd_Out_text, 0
0x0313	0x0084      	MOVWF      FSR
0x0314	0x0800      	MOVF       INDF, 0
0x0315	0x1903      	BTFSC      STATUS, 2
0x0316	0x2B1F      	GOTO       L_Lcd_Out19
0x0317	0x0834      	MOVF       Lcd_Out_i_L0, 0
0x0318	0x0733      	ADDWF      FARG_Lcd_Out_text, 0
0x0319	0x0084      	MOVWF      FSR
0x031A	0x0800      	MOVF       INDF, 0
0x031B	0x00B5      	MOVWF      FARG_Lcd_Chr_CP_out_char
0x031C	0x207C      	CALL       _Lcd_Chr_CP
0x031D	0x0AB4      	INCF       Lcd_Out_i_L0, 1
0x031E	0x2B11      	GOTO       L_Lcd_Out18
L_Lcd_Out19:
0x031F	0x142A      	BSF        __Lib_Lcd_cmd_status, BitPos(__Lib_Lcd_cmd_status+0)
L_end_Lcd_Out:
0x0320	0x0008      	RETURN
; end of _Lcd_Out
_word2double:
0x0321	0x1283      	BCF        STATUS, 5
0x0322	0x1303      	BCF        STATUS, 6
0x0323	0x0870      	MOVF       R0, 0
0x0324	0x00F8      	MOVWF      R8
0x0325	0x0871      	MOVF       R1, 0
0x0326	0x00F0      	MOVWF      R0
0x0327	0x01F1      	CLRF       R1
0x0328	0x01F2      	CLRF       R2
0x0329	0x01F3      	CLRF       R3
0x032A	0x01FB      	CLRF       R11
0x032B	0x01FC      	CLRF       R12
0x032C	0x3096      	MOVLW      150
0x032D	0x00F3      	MOVWF      R3
0x032E	0x01FA      	CLRF       R10
0x032F	0x0870      	MOVF       R0, 0
0x0330	0x00F1      	MOVWF      R1
0x0331	0x0878      	MOVF       R8, 0
0x0332	0x00F0      	MOVWF      R0
0x0333	0x01F8      	CLRF       R8
0x0334	0x01F2      	CLRF       R2
0x0335	0x2098      	CALL       _NRM3232
L_end_word2double:
0x0336	0x0008      	RETURN
; end of _word2double
___CC2DW:
_CC2D_Loop1:
0x0337	0x2084      	CALL       _____DoICP
0x0338	0x118A      	BCF        PCLATH, 3
0x0339	0x120A      	BCF        PCLATH, 4
0x033A	0x0080      	MOVWF      INDF
0x033B	0x0A84      	INCF       FSR, 1
0x033C	0x0AAF      	INCF       ___DoICPAddr, 1
0x033D	0x1903      	BTFSC      STATUS, 2
0x033E	0x0AB0      	INCF       ___DoICPAddr+1, 1
0x033F	0x03F0      	DECF       R0, 1
0x0340	0x1D03      	BTFSS      STATUS, 2
0x0341	0x2B37      	GOTO       _CC2D_Loop1
L_end___CC2DW:
0x0342	0x0008      	RETURN
; end of ___CC2DW
_main:
0x0343	0x3041      	MOVLW      65
0x0344	0x1283      	BCF        STATUS, 5
0x0345	0x1303      	BCF        STATUS, 6
0x0346	0x00A2      	MOVWF      ?lstr1_ADC_with_external_references
0x0347	0x3044      	MOVLW      68
0x0348	0x00A3      	MOVWF      35
0x0349	0x3043      	MOVLW      67
0x034A	0x00A4      	MOVWF      36
0x034B	0x01A5      	CLRF       37
0x034C	0x01A6      	CLRF       _ADCResult
0x034D	0x01A7      	CLRF       39
0x034E	0x01A8      	CLRF       _counter
0x034F	0x01A9      	CLRF       41
0x0350	0x2293      	CALL       _Lcd_Init
0x0351	0x3001      	MOVLW      1
0x0352	0x00B6      	MOVWF      FARG_Lcd_Cmd_out_char
0x0353	0x2024      	CALL       _Lcd_Cmd
0x0354	0x300C      	MOVLW      12
0x0355	0x00B6      	MOVWF      FARG_Lcd_Cmd_out_char
0x0356	0x2024      	CALL       _Lcd_Cmd
0x0357	0x3001      	MOVLW      1
0x0358	0x00B1      	MOVWF      FARG_Lcd_Out_row
0x0359	0x3008      	MOVLW      8
0x035A	0x00B2      	MOVWF      FARG_Lcd_Out_column
0x035B	0x3022      	MOVLW      ?lstr1_ADC_with_external_references
0x035C	0x00B3      	MOVWF      FARG_Lcd_Out_text
0x035D	0x22E1      	CALL       _Lcd_Out
0x035E	0x1683      	BSF        STATUS, 5
0x035F	0x0187      	CLRF       TRISC
0x0360	0x300C      	MOVLW      12
0x0361	0x1283      	BCF        STATUS, 5
0x0362	0x0087      	MOVWF      PORTC
0x0363	0x3002      	MOVLW      2
0x0364	0x1683      	BSF        STATUS, 5
0x0365	0x1703      	BSF        STATUS, 6
0x0366	0x0088      	MOVWF      ANSEL
0x0367	0x1303      	BCF        STATUS, 6
0x0368	0x1489      	BSF        TRISE1_bit, BitPos(TRISE1_bit+0)
L_main0:
0x0369	0x1283      	BCF        STATUS, 5
0x036A	0x0828      	MOVF       _counter, 0
0x036B	0x0087      	MOVWF      PORTC
0x036C	0x0AA8      	INCF       _counter, 1
0x036D	0x1903      	BTFSC      STATUS, 2
0x036E	0x0AA9      	INCF       _counter+1, 1
0x036F	0x3006      	MOVLW      6
0x0370	0x00A1      	MOVWF      FARG_ADC_Get_Sample_channel
0x0371	0x2137      	CALL       _ADC_Get_Sample
0x0372	0x0870      	MOVF       R0, 0
0x0373	0x1283      	BCF        STATUS, 5
0x0374	0x00A6      	MOVWF      _ADCResult
0x0375	0x0871      	MOVF       R0+1, 0
0x0376	0x00A7      	MOVWF      _ADCResult+1
0x0377	0x2321      	CALL       _word2double
0x0378	0x3000      	MOVLW      0
0x0379	0x00F4      	MOVWF      R4
0x037A	0x3000      	MOVLW      0
0x037B	0x00F5      	MOVWF      R4+1
0x037C	0x3020      	MOVLW      32
0x037D	0x00F6      	MOVWF      R4+2
0x037E	0x3081      	MOVLW      129
0x037F	0x00F7      	MOVWF      R4+3
0x0380	0x20D6      	CALL       _Mul_32x32_FP
0x0381	0x3000      	MOVLW      0
0x0382	0x00F4      	MOVWF      R4
0x0383	0x3000      	MOVLW      0
0x0384	0x00F5      	MOVWF      R4+1
0x0385	0x3000      	MOVLW      0
0x0386	0x00F6      	MOVWF      R4+2
0x0387	0x3089      	MOVLW      137
0x0388	0x00F7      	MOVWF      R4+3
0x0389	0x2152      	CALL       _Div_32x32_FP
0x038A	0x2209      	CALL       _double2longint
0x038B	0x0870      	MOVF       R0, 0
0x038C	0x00AB      	MOVWF      _voltage
0x038D	0x0871      	MOVF       R0+1, 0
0x038E	0x00AC      	MOVWF      _voltage+1
0x038F	0x0872      	MOVF       R0+2, 0
0x0390	0x00AD      	MOVWF      _voltage+2
0x0391	0x0873      	MOVF       R0+3, 0
0x0392	0x00AE      	MOVWF      _voltage+3
0x0393	0x300D      	MOVLW      13
0x0394	0x00FB      	MOVWF      R11
0x0395	0x30AF      	MOVLW      175
0x0396	0x00FC      	MOVWF      R12
0x0397	0x30B6      	MOVLW      182
0x0398	0x00FD      	MOVWF      R13
L_main3:
0x0399	0x0BFD      	DECFSZ     R13, 1
0x039A	0x2B99      	GOTO       L_main3
0x039B	0x0BFC      	DECFSZ     R12, 1
0x039C	0x2B99      	GOTO       L_main3
0x039D	0x0BFB      	DECFSZ     R11, 1
0x039E	0x2B99      	GOTO       L_main3
0x039F	0x0000      	NOP
0x03A0	0x2B69      	GOTO       L_main0
L_end_main:
0x03A1	0x2BA1      	GOTO       $+0
; end of _main
Symbol List:
//** Routines locations **
//ADDRESS    SIZE    PROCEDURE
//----------------------------------------------
0x0003       [7]    _Delay_50us
0x000A      [13]    _Delay_5500us
0x0017       [6]    _Delay_1us
0x001D       [7]    _RES032
0x0024      [64]    _Lcd_Cmd
0x0064       [4]    _FIXSIGN32
0x0068      [12]    _SETFUN32
0x0074       [8]    _Delay_22us
0x007C       [8]    _Lcd_Chr_CP
0x0084       [7]    _____DoICP
0x008B      [13]    _SETIOV3224
0x0098      [47]    _NRM3232
0x00C7      [12]    _SETFOV32
0x00D3       [3]    _SETFDZ32
0x00D6      [97]    _Mul_32x32_FP
0x0137      [27]    _ADC_Get_Sample
0x0152     [183]    _Div_32x32_FP
0x0209     [138]    _double2longint
0x0293      [78]    _Lcd_Init
0x02E1      [64]    _Lcd_Out
0x0321      [22]    _word2double
0x0337      [12]    ___CC2DW
0x0343      [95]    _main
//** Variables locations ** 
//ADDRESS    SIZE    VARIABLE
//----------------------------------------------
0x0000       [1]    INDF
0x0002       [1]    PCL
0x0003       [1]    STATUS
0x0004       [1]    FSR
0x0007       [1]    PORTC
0x0008       [0]    RD2_bit
0x0008       [0]    LCD_D7
0x0008       [0]    LCD_D6
0x0008       [0]    RD3_bit
0x0008       [0]    RD7_bit
0x0008       [0]    RD6_bit
0x0008       [0]    RD4_bit
0x0008       [0]    RD5_bit
0x0008       [0]    LCD_D5
0x0008       [0]    LCD_RS
0x0008       [0]    LCD_D4
0x0008       [0]    LCD_EN
0x000A       [1]    PCLATH
0x001E       [1]    ADRESH
0x001F       [1]    ADCON0
0x0020       [1]    __math_tempbD
0x0021       [1]    FARG_ADC_Get_Sample_channel
0x0022       [4]    ?lstr1_ADC_with_external_references
0x0026       [2]    _ADCResult
0x0028       [2]    _counter
0x002A       [0]    __Lib_Lcd_cmd_status
0x002B       [4]    _voltage
0x002F       [2]    ___DoICPAddr
0x0031       [1]    FARG_Lcd_Out_row
0x0032       [1]    FARG_Lcd_Out_column
0x0033       [1]    FARG_Lcd_Out_text
0x0034       [1]    Lcd_Out_i_L0
0x0035       [1]    FARG_Lcd_Chr_CP_out_char
0x0036       [1]    FARG_Lcd_Cmd_out_char
0x0070       [1]    R0
0x0071       [1]    R1
0x0072       [1]    R2
0x0073       [1]    R3
0x0074       [1]    R4
0x0075       [1]    R5
0x0076       [1]    R6
0x0077       [1]    R7
0x0078       [1]    R8
0x0079       [1]    R9
0x007A       [1]    R10
0x007B       [1]    R11
0x007C       [1]    R12
0x007D       [1]    R13
0x007E       [1]    R14
0x007F       [1]    R15
0x0087       [1]    TRISC
0x0088       [0]    LCD_RS_Direction
0x0088       [0]    LCD_D5_Direction
0x0088       [0]    LCD_D6_Direction
0x0088       [0]    LCD_D4_Direction
0x0088       [0]    TRISD4_bit
0x0088       [0]    LCD_EN_Direction
0x0088       [0]    TRISD7_bit
0x0088       [0]    LCD_D7_Direction
0x0088       [0]    TRISD6_bit
0x0088       [0]    TRISD3_bit
0x0088       [0]    TRISD2_bit
0x0088       [0]    TRISD5_bit
0x0089       [0]    TRISE1_bit
0x009E       [1]    ADRESL
0x0188       [1]    ANSEL
